<?xml version="1.0" encoding="UTF-8"?>
<!-- Generated by org.testng.reporters.JUnitXMLReporter -->
<testsuite hostname="prasad-siva" ignored="0" name="Test" tests="13" failures="0" timestamp="17 Aug 2020 12:34:42 GMT" time="370.246" errors="0">
  <testcase name="registrationTest" time="31.859" classname="com.icinbank.RegistrationForm"/>
  <testcase name="profileview" time="9.952" classname="com.icinbank.Profiledisplay"/>
  <testcase name="logoutTest" time="12.174" classname="com.icinbank.Profiledisplay"/>
  <testcase name="primaryDeposit" time="17.043" classname="com.icinbank.Deposit"/>
  <testcase name="savingsDeposit" time="15.158" classname="com.icinbank.Deposit"/>
  <testcase name="primaryTOsavings" time="14.464" classname="com.icinbank.TransferbtwAccounts"/>
  <testcase name="savingsTOprimary" time="15.421" classname="com.icinbank.TransferbtwAccounts"/>
  <testcase name="requestcheque" time="10.548" classname="com.icinbank.RequestChequebook"/>
  <testcase name="addRecipient" time="16.894" classname="com.icinbank.AddRecipient"/>
  <testcase name="loginTest" time="5.016" classname="com.icinbank.LoginForm"/>
  <testcase name="invalidLoginTest" time="6.424" classname="com.icinbank.LoginForm"/>
  <testcase name="primaryWithdraw" time="17.193" classname="com.icinbank.Withdraw"/>
  <testcase name="savingsWithdraw" time="16.075" classname="com.icinbank.Withdraw"/>
</testsuite> <!-- Test -->
