<?xml version="1.0" encoding="UTF-8"?>
<testng-results skipped="0" failed="0" ignored="0" total="1" passed="1">
  <reporter-output>
  </reporter-output>
  <suite name="Default suite" duration-ms="31828" started-at="2021-05-11T12:17:27 IST" finished-at="2021-05-11T12:17:59 IST">
    <groups>
    </groups>
    <test name="Default test" duration-ms="31828" started-at="2021-05-11T12:17:27 IST" finished-at="2021-05-11T12:17:59 IST">
      <class name="UserActions.EditProfile">
        <test-method status="PASS" signature="EditPorfile()[pri:0, instance:UserActions.EditProfile@27a8c74e]" name="EditPorfile" duration-ms="31751" started-at="2021-05-11T12:17:27 IST" finished-at="2021-05-11T12:17:59 IST">
          <reporter-output>
          </reporter-output>
        </test-method> <!-- EditPorfile -->
      </class> <!-- UserActions.EditProfile -->
    </test> <!-- Default test -->
  </suite> <!-- Default suite -->
</testng-results>
