<?xml version="1.0" encoding="UTF-8"?>
<!-- Generated by org.testng.reporters.JUnitXMLReporter -->
<testsuite hostname="prasad-siva" ignored="0" name="Default test" tests="3" failures="0" timestamp="17 Aug 2020 11:18:07 GMT" time="113.915" errors="0">
  <testcase name="test" time="0.024" classname="com.icinbank.Withdraw"/>
  <testcase name="primaryWithdraw" time="20.425" classname="com.icinbank.Withdraw"/>
  <testcase name="savingsWithdraw" time="18.755" classname="com.icinbank.Withdraw"/>
</testsuite> <!-- Default test -->
